<?xml version="1.0" encoding="UTF-8"?>
<testsuite xmlns:xsi="http://www.w3.org/2001/XMLSchema-instance" xsi:noNamespaceSchemaLocation="https://maven.apache.org/surefire/maven-surefire-plugin/xsd/surefire-test-report.xsd" version="3.0.2" name="com.cy.newpt.NewptApplicationTests" time="6.942" tests="1" errors="0" skipped="0" failures="0">
  <properties>
[...]
</properties>
  <testcase name="testConnection" classname="com.cy.newpt.NewptApplicationTests" time="0.973">
    <system-out><![CDATA[19:30:12.236 [main] INFO org.springframework.test.context.support.AnnotationConfigContextLoaderUtils -- Could not detect default configuration classes for test class [com.cy.newpt.NewptApplicationTests]: NewptApplicationTests does not declare any static, non-private, non-final, nested classes annotated with @Configuration.
19:30:12.380 [main] INFO org.springframework.boot.test.context.SpringBootTestContextBootstrapper -- Found @SpringBootConfiguration com.cy.newpt.NewptApplication for test class com.cy.newpt.NewptApplicationTests

  .   ____          _            __ _ _
 /\\ / ___'_ __ _ _(_)_ __  __ _ \ \ \ \
( ( )\___ | '_ | '_| | '_ \/ _` | \ \ \ \
 \\/  ___)| |_)| | | | | || (_| |  ) ) ) )
  '  |____| .__|_| |_|_| |_\__, | / / / /
 =========|_|==============|___/=/_/_/_/

 :: Spring Boot ::                (v3.5.7)

2025-12-02T19:30:12.944+08:00  INFO 32712 --- [newpt] [           main] com.cy.newpt.NewptApplicationTests       : Starting NewptApplicationTests using Java 17.0.12 with PID 32712 (started by HP in D:\Project\newpt)
2025-12-02T19:30:12.946+08:00  INFO 32712 --- [newpt] [           main] com.cy.newpt.NewptApplicationTests       : No active profile set, falling back to 1 default profile: "default"
2025-12-02T19:30:14.284+08:00  INFO 32712 --- [newpt] [           main] .s.d.r.c.RepositoryConfigurationDelegate : Multiple Spring Data modules found, entering strict repository configuration mode
2025-12-02T19:30:14.288+08:00  INFO 32712 --- [newpt] [           main] .s.d.r.c.RepositoryConfigurationDelegate : Bootstrapping Spring Data Redis repositories in DEFAULT mode.
2025-12-02T19:30:14.329+08:00  INFO 32712 --- [newpt] [           main] .s.d.r.c.RepositoryConfigurationDelegate : Finished Spring Data repository scanning in 20 ms. Found 0 Redis repository interfaces.
2025-12-02T19:30:17.046+08:00  WARN 32712 --- [newpt] [           main] .s.s.UserDetailsServiceAutoConfiguration : 

Using generated security password: e8b9887e-a633-40ad-815f-9796866fc260

This generated password is for development use only. Your security configuration must be updated before running your application in production.

2025-12-02T19:30:17.064+08:00  INFO 32712 --- [newpt] [           main] r$InitializeUserDetailsManagerConfigurer : Global AuthenticationManager configured with UserDetailsService bean with name inMemoryUserDetailsManager
2025-12-02T19:30:18.034+08:00  INFO 32712 --- [newpt] [           main] com.cy.newpt.NewptApplicationTests       : Started NewptApplicationTests in 5.477 seconds (process running for 7.388)
2025-12-02T19:30:18.840+08:00  INFO 32712 --- [newpt] [           main] com.zaxxer.hikari.HikariDataSource       : HikariPool-1 - Starting...
2025-12-02T19:30:19.005+08:00  INFO 32712 --- [newpt] [           main] com.zaxxer.hikari.pool.HikariPool        : HikariPool-1 - Added connection com.mysql.cj.jdbc.ConnectionImpl@e98adb2
2025-12-02T19:30:19.006+08:00  INFO 32712 --- [newpt] [           main] com.zaxxer.hikari.HikariDataSource       : HikariPool-1 - Start completed.
✅ SUCCESS: Connected to MySQL
URL: jdbc:mysql://localhost:3306/newpt_db?useUnicode=true&characterEncoding=utf-8&useSSL=false&allowPublicKeyRetrieval=true&serverTimezone=Asia/Shanghai
]]></system-out>
  </testcase>
</testsuite>